loading receptor: receptor-H.pdbqt
loading ligand: ligand-H.pdbqt

set box using ligand
    Box center:    19.765   -41.412    -6.142
    Box length:    51.000    37.500    51.750
    Box size  :       136       100       138
    padding   :     4.000
    spacing   :     0.375

identifying pockets using AutoSite ....
    found 11 pocket(s)

    pocket|  energy | # of |Rad. of | energy |   bns    | score  
    number|         |points|gyration|per vol.|buriedness|v*b^2/rg
    ------+---------+------+--------+--------+----------+---------
        1    -18.69    32    1.77     -0.58      0.69       8.70
        2    -26.41    54    2.57     -0.49      0.64       8.69
        3    -21.12    40    2.02     -0.53      0.65       8.47
        4    -15.78    37    1.89     -0.43      0.59       6.87
        5    -11.31    24    1.58     -0.47      0.66       6.60
        6    -12.94    26    1.61     -0.50      0.59       5.60
        7     -9.08    12    1.20     -0.76      0.69       4.79
        8     -7.66    17    1.43     -0.45      0.62       4.64
        9     -6.68    14    1.26     -0.48      0.60       3.99
       10     -7.85    14    1.27     -0.56      0.55       3.28
       11     -4.45    11    1.19     -0.40      0.53       2.56
    merging clusters ...
done. got 281 fill Points, in 1.55 (sec)

setting map types using: all to ['HS', 'Mg', 'HD', 'NA', 'Fe', 'Br', 'NS', 'A', 'C', 'Mn', 'G', 'F', 'I', 'H', 'J', 'N', 'Q', 'P', 'S', 'GA', 'Z', 'Zn', 'Cl', 'Ca', 'OA', 'SA', 'OS']

computing maps for center=(19.765 -41.412 -6.142) size=(51.000 37.500 51.750) dims=(136 100 138) ...
    270 points inside the box

    maps computed in 4.03 (sec)
Adding gradient to maps ...
done adding gradient to maps 168.33 (sec)
making target file myligand.trg ...done.
    done. 185.68 (sec)

